<?xml version="1.0" encoding="UTF-8"?>
<!-- Generated by org.testng.reporters.JUnitReportReporter -->
<testsuite skipped="0" hostname="LAPTOP-DL1C7Q1N" name="Test1.TestCase1" tests="3" failures="0" timestamp="2020-09-23T20:28:57 IST" time="0.006" errors="0">
  <testcase name="sub" time="0.000" classname="Test1.TestCase1"/>
  <system-out/>
  <testcase name="multiply" time="0.006" classname="Test1.TestCase1"/>
  <system-out/>
  <testcase name="sum" time="0.000" classname="Test1.TestCase1"/>
  <system-out/>
</testsuite> <!-- Test1.TestCase1 -->
