<?xml version="1.0" encoding="UTF-8"?>
<!-- Generated by org.testng.reporters.JUnitReportReporter -->
<testsuite skipped="0" hostname="LAPTOP-DL1C7Q1N" name="Test1.TestCase2" tests="2" failures="0" timestamp="2020-09-23T20:28:57 IST" time="0.001" errors="0">
  <testcase name="StrMethod" time="0.001" classname="Test1.TestCase2"/>
  <system-out/>
  <testcase name="divide" time="0.000" classname="Test1.TestCase2"/>
  <system-out/>
</testsuite> <!-- Test1.TestCase2 -->
